<?xml version="1.0" encoding="UTF-8"?>
<testng-results skipped="0" failed="0" ignored="0" total="2" passed="2">
  <reporter-output>
  </reporter-output>
  <suite name="Default suite" duration-ms="8398" started-at="2020-03-18T09:56:39Z" finished-at="2020-03-18T09:56:47Z">
    <groups>
    </groups>
    <test name="Default test" duration-ms="8398" started-at="2020-03-18T09:56:39Z" finished-at="2020-03-18T09:56:47Z">
      <class name="apitests.UserTimelineTest">
        <test-method status="PASS" signature="setup()[pri:0, instance:apitests.UserTimelineTest@1d057a39]" name="setup" is-config="true" duration-ms="1337" started-at="2020-03-18T20:56:39Z" finished-at="2020-03-18T20:56:40Z">
          <reporter-output>
          </reporter-output>
        </test-method> <!-- setup -->
        <test-method status="PASS" signature="readTweets1()[pri:0, instance:apitests.UserTimelineTest@1d057a39]" name="readTweets1" duration-ms="5536" started-at="2020-03-18T20:56:40Z" finished-at="2020-03-18T20:56:46Z">
          <reporter-output>
          </reporter-output>
        </test-method> <!-- readTweets1 -->
        <test-method status="PASS" signature="readTweets2()[pri:0, instance:apitests.UserTimelineTest@1d057a39]" name="readTweets2" duration-ms="1481" started-at="2020-03-18T20:56:46Z" finished-at="2020-03-18T20:56:47Z">
          <reporter-output>
          </reporter-output>
        </test-method> <!-- readTweets2 -->
      </class> <!-- apitests.UserTimelineTest -->
    </test> <!-- Default test -->
  </suite> <!-- Default suite -->
</testng-results>
